\BOOKMARK [0][-]{chapter.1}{\376\377\000I\000n\000t\000r\000o\000d\000u\000z\000i\000o\000n\000e\000\040\000e\000\040\000d\000e\000s\000c\000r\000i\000z\000i\000o\000n\000e\000\040\000d\000e\000i\000\040\000d\000a\000t\000i}{}% 1
\BOOKMARK [1][-]{section.1.1}{\376\377\000S\000p\000e\000c\000i\000f\000i\000c\000h\000e\000\040\000i\000n\000t\000r\000o\000d\000u\000t\000t\000i\000v\000e}{chapter.1}% 2
\BOOKMARK [1][-]{section.1.2}{\376\377\000F\000u\000n\000z\000i\000o\000n\000a\000l\000i\000t\000\340\000\040\000s\000p\000e\000c\000i\000f\000i\000c\000h\000e}{chapter.1}% 3
\BOOKMARK [2][-]{subsection.1.2.1}{\376\377\000F\000u\000n\000z\000i\000o\000n\000a\000l\000i\000t\000\340\000\040\000v\000i\000s\000i\000t\000a\000t\000o\000r\000e}{section.1.2}% 4
\BOOKMARK [2][-]{subsection.1.2.2}{\376\377\000F\000u\000n\000z\000i\000o\000n\000a\000l\000i\000t\000\340\000\040\000s\000t\000u\000d\000e\000n\000t\000e}{section.1.2}% 5
\BOOKMARK [2][-]{subsection.1.2.3}{\376\377\000F\000u\000n\000z\000i\000o\000n\000a\000l\000i\000t\000\340\000\040\000p\000r\000o\000f\000e\000s\000s\000o\000r\000e}{section.1.2}% 6
\BOOKMARK [2][-]{subsection.1.2.4}{\376\377\000F\000u\000n\000z\000i\000o\000n\000a\000l\000i\000t\000\340\000\040\000s\000e\000g\000r\000e\000t\000e\000r\000i\000a}{section.1.2}% 7
\BOOKMARK [2][-]{subsection.1.2.5}{\376\377\000F\000u\000n\000z\000i\000o\000n\000a\000l\000i\000t\000\340\000\040\000a\000m\000m\000i\000n\000i\000s\000t\000r\000a\000t\000o\000r\000e}{section.1.2}% 8
\BOOKMARK [1][-]{section.1.3}{\376\377\000S\000t\000r\000u\000t\000t\000u\000r\000e\000\040\000d\000a\000t\000i}{chapter.1}% 9
\BOOKMARK [2][-]{subsection.1.3.1}{\376\377\000A\000n\000a\000g\000r\000a\000f\000i\000c\000a}{section.1.3}% 10
\BOOKMARK [2][-]{subsection.1.3.2}{\376\377\000S\000t\000r\000u\000t\000t\000u\000r\000a\000\040\000f\000i\000l\000e\000\040\000x\000m\000l}{section.1.3}% 11
\BOOKMARK [1][-]{section.1.4}{\376\377\000D\000e\000f\000i\000n\000i\000z\000i\000o\000n\000i\000\040\000X\000M\000L}{chapter.1}% 12
\BOOKMARK [0][-]{chapter.2}{\376\377\000M\000a\000n\000u\000a\000l\000e\000\040\000u\000t\000e\000n\000t\000e}{}% 13
\BOOKMARK [1][-]{section.2.1}{\376\377\000U\000t\000e\000n\000t\000e\000\040\000v\000i\000s\000i\000t\000a\000t\000o\000r\000e}{chapter.2}% 14
\BOOKMARK [2][-]{subsection.2.1.1}{\376\377\000V\000i\000s\000u\000a\000l\000i\000z\000z\000a\000r\000e\000\040\000i\000\040\000c\000o\000r\000s\000i\000\040\000d\000i\000\040\000l\000a\000u\000r\000e\000a}{section.2.1}% 15
\BOOKMARK [2][-]{subsection.2.1.2}{\376\377\000V\000i\000s\000u\000a\000l\000i\000z\000z\000a\000r\000e\000\040\000i\000\040\000c\000o\000r\000s\000i}{section.2.1}% 16
\BOOKMARK [2][-]{subsection.2.1.3}{\376\377\000V\000i\000s\000u\000a\000l\000i\000z\000z\000a\000r\000e\000\040\000i\000\040\000d\000o\000c\000e\000n\000t\000i}{section.2.1}% 17
\BOOKMARK [2][-]{subsection.2.1.4}{\376\377\000A\000u\000t\000e\000n\000t\000i\000c\000a\000r\000s\000i}{section.2.1}% 18
\BOOKMARK [1][-]{section.2.2}{\376\377\000S\000t\000u\000d\000e\000n\000t\000e}{chapter.2}% 19
\BOOKMARK [2][-]{subsection.2.2.1}{\376\377\000V\000i\000s\000u\000a\000l\000i\000z\000z\000a\000r\000e\000\040\000l\000'\000a\000n\000a\000g\000r\000a\000f\000i\000c\000a}{section.2.2}% 20
\BOOKMARK [2][-]{subsection.2.2.2}{\376\377\000V\000i\000s\000u\000a\000l\000i\000z\000z\000a\000r\000e\000\040\000l\000a\000\040\000c\000a\000r\000r\000i\000e\000r\000a}{section.2.2}% 21
\BOOKMARK [2][-]{subsection.2.2.3}{\376\377\000V\000i\000s\000u\000a\000l\000i\000z\000z\000a\000r\000e\000\040\000g\000l\000i\000\040\000a\000p\000p\000e\000l\000l\000i\000\040\000p\000r\000e\000n\000o\000t\000a\000t\000i}{section.2.2}% 22
\BOOKMARK [2][-]{subsection.2.2.4}{\376\377\000V\000i\000s\000u\000a\000l\000i\000z\000z\000a\000r\000e\000\040\000g\000l\000i\000\040\000e\000s\000a\000m\000i\000\040\000s\000o\000s\000t\000e\000n\000u\000t\000i}{section.2.2}% 23
\BOOKMARK [2][-]{subsection.2.2.5}{\376\377\000P\000r\000e\000n\000o\000t\000a\000r\000e\000\040\000g\000l\000i\000\040\000a\000p\000p\000e\000l\000l\000i}{section.2.2}% 24
\BOOKMARK [2][-]{subsection.2.2.6}{\376\377\000A\000c\000c\000e\000d\000e\000r\000e\000\040\000a\000l\000l\000e\000\040\000b\000a\000c\000h\000e\000c\000h\000e}{section.2.2}% 25
\BOOKMARK [2][-]{subsection.2.2.7}{\376\377\000A\000c\000c\000e\000d\000e\000r\000e\000\040\000a\000l\000l\000e\000\040\000F\000A\000Q}{section.2.2}% 26
\BOOKMARK [1][-]{section.2.3}{\376\377\000D\000o\000c\000e\000n\000t\000e}{chapter.2}% 27
\BOOKMARK [2][-]{subsection.2.3.1}{\376\377\000V\000i\000s\000u\000a\000l\000i\000z\000z\000a\000r\000e\000\040\000l\000'\000a\000n\000a\000g\000r\000a\000f\000i\000c\000a}{section.2.3}% 28
\BOOKMARK [2][-]{subsection.2.3.2}{\376\377\000V\000i\000s\000u\000a\000l\000i\000z\000z\000a\000r\000e\000\040\000g\000l\000i\000\040\000a\000p\000p\000e\000l\000l\000i}{section.2.3}% 29
\BOOKMARK [2][-]{subsection.2.3.3}{\376\377\000I\000n\000s\000e\000r\000i\000r\000e\000\040\000u\000n\000\040\000a\000p\000p\000e\000l\000l\000o}{section.2.3}% 30
\BOOKMARK [2][-]{subsection.2.3.4}{\376\377\000G\000e\000s\000t\000i\000r\000e\000\040\000l\000e\000\040\000p\000r\000e\000n\000o\000t\000a\000z\000i\000o\000n\000i}{section.2.3}% 31
\BOOKMARK [2][-]{subsection.2.3.5}{\376\377\000A\000c\000c\000e\000d\000e\000r\000e\000\040\000a\000l\000l\000e\000\040\000F\000A\000Q}{section.2.3}% 32
\BOOKMARK [1][-]{section.2.4}{\376\377\000S\000e\000g\000r\000e\000t\000a\000r\000i\000o}{chapter.2}% 33
\BOOKMARK [2][-]{subsection.2.4.1}{\376\377\000V\000i\000s\000u\000a\000l\000i\000z\000z\000a\000r\000e\000\040\000l\000'\000a\000n\000a\000g\000r\000a\000f\000i\000c\000a}{section.2.4}% 34
\BOOKMARK [2][-]{subsection.2.4.2}{\376\377\000V\000i\000s\000u\000a\000l\000i\000z\000z\000a\000r\000e\000\040\000g\000l\000i\000\040\000a\000p\000p\000e\000l\000l\000i}{section.2.4}% 35
\BOOKMARK [2][-]{subsection.2.4.3}{\376\377\000I\000n\000s\000e\000r\000i\000r\000e\000\040\000u\000n\000\040\000a\000p\000p\000e\000l\000l\000o}{section.2.4}% 36
\BOOKMARK [2][-]{subsection.2.4.4}{\376\377\000G\000e\000s\000t\000i\000r\000e\000\040\000l\000e\000\040\000p\000r\000e\000n\000o\000t\000a\000z\000i\000o\000n\000i}{section.2.4}% 37
\BOOKMARK [2][-]{subsection.2.4.5}{\376\377\000A\000c\000c\000e\000d\000e\000r\000e\000\040\000a\000l\000l\000e\000\040\000b\000a\000c\000h\000e\000c\000h\000e}{section.2.4}% 38
\BOOKMARK [2][-]{subsection.2.4.6}{\376\377\000A\000c\000c\000e\000d\000e\000r\000e\000\040\000a\000l\000l\000e\000\040\000F\000A\000Q}{section.2.4}% 39
\BOOKMARK [1][-]{section.2.5}{\376\377\000A\000m\000m\000i\000n\000i\000s\000t\000r\000a\000t\000o\000r\000e}{chapter.2}% 40
\BOOKMARK [2][-]{subsection.2.5.1}{\376\377\000V\000i\000s\000u\000a\000l\000i\000z\000z\000a\000r\000e\000\040\000l\000'\000a\000n\000a\000g\000r\000a\000f\000i\000c\000a}{section.2.5}% 41
\BOOKMARK [2][-]{subsection.2.5.2}{\376\377\000V\000i\000s\000u\000a\000l\000i\000z\000z\000a\000r\000e\000\040\000g\000l\000i\000\040\000a\000p\000p\000e\000l\000l\000i}{section.2.5}% 42
\BOOKMARK [2][-]{subsection.2.5.3}{\376\377\000I\000n\000s\000e\000r\000i\000r\000e\000\040\000u\000n\000\040\000a\000p\000p\000e\000l\000l\000o}{section.2.5}% 43
\BOOKMARK [2][-]{subsection.2.5.4}{\376\377\000G\000e\000s\000t\000i\000r\000e\000\040\000l\000e\000\040\000p\000r\000e\000n\000o\000t\000a\000z\000i\000o\000n\000i}{section.2.5}% 44
\BOOKMARK [2][-]{subsection.2.5.5}{\376\377\000A\000c\000c\000e\000d\000e\000r\000e\000\040\000a\000l\000l\000e\000\040\000b\000a\000c\000h\000e\000c\000h\000e}{section.2.5}% 45
\BOOKMARK [2][-]{subsection.2.5.6}{\376\377\000A\000c\000c\000e\000d\000e\000r\000e\000\040\000a\000l\000l\000e\000\040\000F\000A\000Q}{section.2.5}% 46
\BOOKMARK [2][-]{subsection.2.5.7}{\376\377\000I\000n\000s\000e\000r\000i\000r\000e\000\040\000u\000n\000\040\000c\000o\000r\000s\000o\000\040\000d\000i\000\040\000l\000a\000u\000r\000e\000a}{section.2.5}% 47
\BOOKMARK [2][-]{subsection.2.5.8}{\376\377\000G\000e\000s\000t\000i\000r\000e\000\040\000i\000\040\000c\000o\000r\000s\000i\000\040\000d\000i\000\040\000l\000a\000u\000r\000e\000a}{section.2.5}% 48
\BOOKMARK [2][-]{subsection.2.5.9}{\376\377\000I\000n\000s\000e\000r\000i\000r\000e\000\040\000u\000n\000\040\000c\000o\000r\000s\000o}{section.2.5}% 49
\BOOKMARK [2][-]{subsection.2.5.10}{\376\377\000G\000e\000s\000t\000i\000r\000e\000\040\000i\000\040\000c\000o\000r\000s\000i}{section.2.5}% 50
\BOOKMARK [0][-]{chapter.3}{\376\377\000P\000r\000o\000g\000r\000a\000m\000m\000a\000z\000i\000o\000n\000e}{}% 51
\BOOKMARK [0][-]{chapter.4}{\376\377\000E\000l\000e\000n\000c\000o\000\040\000u\000t\000e\000n\000z\000e}{}% 52
